#
# There is insufficient memory for the Java Runtime Environment to continue.
# Native memory allocation (mmap) failed to map 25165824 bytes for G1 virtual space
# Possible reasons:
#   The system is out of physical RAM or swap space
#   The process is running with CompressedOops enabled, and the Java Heap may be blocking the growth of the native heap
# Possible solutions:
#   Reduce memory load on the system
#   Increase physical memory or swap space
#   Check if swap backing store is full
#   Decrease Java heap size (-Xmx/-Xms)
#   Decrease number of Java threads
#   Decrease Java thread stack sizes (-Xss)
#   Set larger code cache with -XX:ReservedCodeCacheSize=
#   JVM is running with Unscaled Compressed Oops mode in which the Java heap is
#     placed in the first 4GB address space. The Java Heap base address is the
#     maximum limit for the native heap growth. Please use -XX:HeapBaseMinAddress
#     to set the Java Heap base and to place the Java Heap above 4GB virtual address.
# This output file may be truncated or incomplete.
#
#  Out of Memory Error (os_windows.cpp:3528), pid=6932, tid=21124
#
# JRE version: Java(TM) SE Runtime Environment (20.0.2+9) (build 20.0.2+9-78)
# Java VM: Java HotSpot(TM) 64-Bit Server VM (20.0.2+9-78, mixed mode, sharing, tiered, compressed oops, compressed class ptrs, g1 gc, windows-amd64)
# No core dump will be written. Minidumps are not enabled by default on client versions of Windows
#

---------------  S U M M A R Y ------------

Command Line: -XX:+ShowCodeDetailsInExceptionMessages --module-path=C:\Users\prepu\OneDrive\Desktop\Github\ProyectoProgramacion\target\classes;C:\Users\prepu\.m2\repository\org\openjfx\javafx-controls\20.0.1\javafx-controls-20.0.1-win.jar;C:\Users\prepu\.m2\repository\org\openjfx\javafx-graphics\20.0.1\javafx-graphics-20.0.1-win.jar;C:\Users\prepu\.m2\repository\org\openjfx\javafx-base\20.0.1\javafx-base-20.0.1-win.jar;C:\Users\prepu\.m2\repository\org\openjfx\javafx-fxml\20.0.1\javafx-fxml-20.0.1-win.jar;C:\Users\prepu\.m2\repository\org\openjfx\javafx-media\20.0.1\javafx-media-20.0.1-win.jar -Djdk.module.main=com.example.proyectodeprogramacion com.example.proyectodeprogramacion/com.example.proyectodeprogramacion.Main

Host: Intel(R) Core(TM) i3-10110U CPU @ 2.10GHz, 4 cores, 3G,  Windows 11 , 64 bit Build 22621 (10.0.22621.3958)
Time: Thu Nov 14 19:43:39 2024 Hora verano Sudamérica Pacífico elapsed time: 65.268066 seconds (0d 0h 1m 5s)

---------------  T H R E A D  ---------------

Current thread (0x0000029c461ce0b0):  VMThread "VM Thread" [stack: 0x000000c2e0f00000,0x000000c2e1000000] [id=21124]

Stack: [0x000000c2e0f00000,0x000000c2e1000000]
Native frames: (J=compiled Java code, j=interpreted, Vv=VM code, C=native code)
V  [jvm.dll+0x6bc25a]
V  [jvm.dll+0x84971a]
V  [jvm.dll+0x84b315]
V  [jvm.dll+0x84ba13]
V  [jvm.dll+0x280e4f]
V  [jvm.dll+0x6b8fe9]
V  [jvm.dll+0x6adbca]
V  [jvm.dll+0x35b165]
V  [jvm.dll+0x363386]
V  [jvm.dll+0x3b400e]
V  [jvm.dll+0x3b4295]
V  [jvm.dll+0x32b86a]
V  [jvm.dll+0x32b917]
V  [jvm.dll+0x373cc2]
V  [jvm.dll+0x3724c0]
V  [jvm.dll+0x32afb1]
V  [jvm.dll+0x371ba6]
V  [jvm.dll+0x85135e]
V  [jvm.dll+0x852471]
V  [jvm.dll+0x852979]
V  [jvm.dll+0x852bf3]
V  [jvm.dll+0x7f5c76]
V  [jvm.dll+0x6baecb]
C  [ucrtbase.dll+0x29333]
C  [KERNEL32.DLL+0x1257d]
C  [ntdll.dll+0x5af08]

VM_Operation (0x000000c2e20fe8c0): G1CollectForAllocation, mode: safepoint, requested by thread 0x0000029c663617c0


---------------  P R O C E S S  ---------------

Threads class SMR info:
_java_thread_list=0x0000029c60be8be0, length=18, elements={
0x0000029c4610fee0, 0x0000029c60b6c630, 0x0000029c60b6d4d0, 0x0000029c60b72cd0,
0x0000029c60b75620, 0x0000029c60b75f60, 0x0000029c60b768a0, 0x0000029c60b77510,
0x0000029c60b80150, 0x0000029c60b4ce10, 0x0000029c6520d370, 0x0000029c657bcf50,
0x0000029c660c1ab0, 0x0000029c663617c0, 0x0000029c65deb000, 0x0000029c66366740,
0x0000029c652bb590, 0x0000029c652b8070
}

Java Threads: ( => current thread )
  0x0000029c4610fee0 JavaThread "main" [_thread_blocked, id=3852, stack(0x000000c2e0900000,0x000000c2e0a00000)]
  0x0000029c60b6c630 JavaThread "Reference Handler" daemon [_thread_blocked, id=20636, stack(0x000000c2e1000000,0x000000c2e1100000)]
  0x0000029c60b6d4d0 JavaThread "Finalizer" daemon [_thread_blocked, id=11244, stack(0x000000c2e1100000,0x000000c2e1200000)]
  0x0000029c60b72cd0 JavaThread "Signal Dispatcher" daemon [_thread_blocked, id=10876, stack(0x000000c2e1200000,0x000000c2e1300000)]
  0x0000029c60b75620 JavaThread "Attach Listener" daemon [_thread_blocked, id=20888, stack(0x000000c2e1300000,0x000000c2e1400000)]
  0x0000029c60b75f60 JavaThread "Service Thread" daemon [_thread_blocked, id=15492, stack(0x000000c2e1400000,0x000000c2e1500000)]
  0x0000029c60b768a0 JavaThread "Monitor Deflation Thread" daemon [_thread_blocked, id=15780, stack(0x000000c2e1500000,0x000000c2e1600000)]
  0x0000029c60b77510 JavaThread "C2 CompilerThread0" daemon [_thread_blocked, id=17276, stack(0x000000c2e1600000,0x000000c2e1700000)]
  0x0000029c60b80150 JavaThread "C1 CompilerThread0" daemon [_thread_blocked, id=13092, stack(0x000000c2e1700000,0x000000c2e1800000)]
  0x0000029c60b4ce10 JavaThread "Common-Cleaner" daemon [_thread_blocked, id=16728, stack(0x000000c2e1800000,0x000000c2e1900000)]
  0x0000029c6520d370 JavaThread "Notification Thread" daemon [_thread_blocked, id=4740, stack(0x000000c2e1900000,0x000000c2e1a00000)]
  0x0000029c657bcf50 JavaThread "QuantumRenderer-0" daemon [_thread_blocked, id=9128, stack(0x000000c2e1e00000,0x000000c2e1f00000)]
  0x0000029c660c1ab0 JavaThread "InvokeLaterDispatcher" daemon [_thread_blocked, id=13172, stack(0x000000c2e1f00000,0x000000c2e2000000)]
  0x0000029c663617c0 JavaThread "JavaFX Application Thread" [_thread_blocked, id=5168, stack(0x000000c2e2000000,0x000000c2e2100000)]
  0x0000029c65deb000 JavaThread "Thread-1" daemon [_thread_blocked, id=12440, stack(0x000000c2e2400000,0x000000c2e2500000)]
  0x0000029c66366740 JavaThread "JavaFX-Launcher" [_thread_blocked, id=12572, stack(0x000000c2e2500000,0x000000c2e2600000)]
  0x0000029c652bb590 JavaThread "Prism Font Disposer" daemon [_thread_blocked, id=14212, stack(0x000000c2e2900000,0x000000c2e2a00000)]
  0x0000029c652b8070 JavaThread "Cleaner-0" daemon [_thread_blocked, id=7272, stack(0x000000c2e2a00000,0x000000c2e2b00000)]

Other Threads:
=>0x0000029c461ce0b0 VMThread "VM Thread" [stack: 0x000000c2e0f00000,0x000000c2e1000000] [id=21124]
  0x0000029c6520d8c0 WatcherThread "VM Periodic Task Thread" [stack: 0x000000c2e1a00000,0x000000c2e1b00000] [id=21148]
  0x0000029c4614ee40 WorkerThread "GC Thread#0" [stack: 0x000000c2e0a00000,0x000000c2e0b00000] [id=9100]
  0x0000029c6586cbe0 WorkerThread "GC Thread#1" [stack: 0x000000c2e1b00000,0x000000c2e1c00000] [id=17860]
  0x0000029c658f2230 WorkerThread "GC Thread#2" [stack: 0x000000c2e1c00000,0x000000c2e1d00000] [id=19236]
  0x0000029c65a67840 WorkerThread "GC Thread#3" [stack: 0x000000c2e1d00000,0x000000c2e1e00000] [id=11548]
  0x0000029c46157850 ConcurrentGCThread "G1 Main Marker" [stack: 0x000000c2e0b00000,0x000000c2e0c00000] [id=19092]
  0x0000029c46158420 WorkerThread "G1 Conc#0" [stack: 0x000000c2e0c00000,0x000000c2e0d00000] [id=3176]
  0x0000029c461aa500 ConcurrentGCThread "G1 Refine#0" [stack: 0x000000c2e0d00000,0x000000c2e0e00000] [id=7672]
  0x0000029c461aafa0 ConcurrentGCThread "G1 Service" [stack: 0x000000c2e0e00000,0x000000c2e0f00000] [id=20080]

Threads with active compile tasks:
C2 CompilerThread0    67449 4951   !   4       com.sun.javafx.tk.RenderJob::run (95 bytes)

VM state: at safepoint (normal execution)

VM Mutex/Monitor currently owned by a thread:  ([mutex/lock_event])
[0x0000029c461096c0] Threads_lock - owner thread: 0x0000029c461ce0b0
[0x0000029c461097e0] Heap_lock - owner thread: 0x0000029c663617c0

Heap address: 0x00000000c2c00000, size: 980 MB, Compressed Oops mode: 32-bit

CDS archive(s) mapped at: [0x0000029c00000000-0x0000029c00c60000-0x0000029c00c60000), size 12976128, SharedBaseAddress: 0x0000029c00000000, ArchiveRelocationMode: 1.
Compressed class space mapped at: 0x0000029c01000000-0x0000029c41000000, reserved size: 1073741824
Narrow klass base: 0x0000029c00000000, Narrow klass shift: 0, Narrow klass range: 0x100000000

GC Precious Log:
 CardTable entry size: 512
 Card Set container configuration: InlinePtr #cards 5 size 8 Array Of Cards #cards 12 size 40 Howl #buckets 4 coarsen threshold 1843 Howl Bitmap #cards 512 size 80 coarsen threshold 460 Card regions per heap region 1 cards per card region 2048
 CPUs: 4 total, 4 available
 Memory: 3919M
 Large Page Support: Disabled
 NUMA Support: Disabled
 Compressed Oops: Enabled (32-bit)
 Heap Region Size: 1M
 Heap Min Capacity: 8M
 Heap Initial Capacity: 62M
 Heap Max Capacity: 980M
 Pre-touch: Disabled
 Parallel Workers: 4
 Concurrent Workers: 1
 Concurrent Refinement Workers: 4
 Periodic GC: Disabled

Heap:
 garbage-first heap   total 118784K, used 21563K [0x00000000c2c00000, 0x0000000100000000)
  region size 1024K, 1 young (1024K), 1 survivors (1024K)
 Metaspace       used 16374K, committed 16768K, reserved 1114112K
  class space    used 2037K, committed 2240K, reserved 1048576K

Heap Regions: E=young(eden), S=young(survivor), O=old, HS=humongous(starts), HC=humongous(continues), CS=collection set, F=free, OA=open archive, CA=closed archive, TAMS=top-at-mark-start, PB=parsable bottom
|   0|0x00000000c2c00000, 0x00000000c2d00000, 0x00000000c2d00000|100%| O|  |TAMS 0x00000000c2c00000| PB 0x00000000c2c00000| Untracked 
|   1|0x00000000c2d00000, 0x00000000c2e00000, 0x00000000c2e00000|100%| O|  |TAMS 0x00000000c2d00000| PB 0x00000000c2d00000| Untracked 
|   2|0x00000000c2e00000, 0x00000000c2f00000, 0x00000000c2f00000|100%|HS|  |TAMS 0x00000000c2e00000| PB 0x00000000c2e00000| Complete 
|   3|0x00000000c2f00000, 0x00000000c3000000, 0x00000000c3000000|100%|HC|  |TAMS 0x00000000c2f00000| PB 0x00000000c2f00000| Complete 
|   4|0x00000000c3000000, 0x00000000c3100000, 0x00000000c3100000|100%| O|  |TAMS 0x00000000c3000000| PB 0x00000000c3000000| Untracked 
|   5|0x00000000c3100000, 0x00000000c3200000, 0x00000000c3200000|100%| O|  |TAMS 0x00000000c3100000| PB 0x00000000c3100000| Untracked 
|   6|0x00000000c3200000, 0x00000000c3300000, 0x00000000c3300000|100%| O|  |TAMS 0x00000000c3200000| PB 0x00000000c3200000| Untracked 
|   7|0x00000000c3300000, 0x00000000c3400000, 0x00000000c3400000|100%| O|  |TAMS 0x00000000c3300000| PB 0x00000000c3300000| Untracked 
|   8|0x00000000c3400000, 0x00000000c3500000, 0x00000000c3500000|100%| O|  |TAMS 0x00000000c3400000| PB 0x00000000c3400000| Untracked 
|   9|0x00000000c3500000, 0x00000000c3600000, 0x00000000c3600000|100%| O|  |TAMS 0x00000000c3500000| PB 0x00000000c3500000| Untracked 
|  10|0x00000000c3600000, 0x00000000c3700000, 0x00000000c3700000|100%| O|  |TAMS 0x00000000c3600000| PB 0x00000000c3600000| Untracked 
|  11|0x00000000c3700000, 0x00000000c3800000, 0x00000000c3800000|100%| O|  |TAMS 0x00000000c3700000| PB 0x00000000c3700000| Untracked 
|  12|0x00000000c3800000, 0x00000000c3900000, 0x00000000c3900000|100%| O|  |TAMS 0x00000000c3800000| PB 0x00000000c3800000| Untracked 
|  13|0x00000000c3900000, 0x00000000c3a00000, 0x00000000c3a00000|100%| O|  |TAMS 0x00000000c3900000| PB 0x00000000c3900000| Untracked 
|  14|0x00000000c3a00000, 0x00000000c3b00000, 0x00000000c3b00000|100%| O|  |TAMS 0x00000000c3a00000| PB 0x00000000c3a00000| Untracked 
|  15|0x00000000c3b00000, 0x00000000c3c00000, 0x00000000c3c00000|100%| O|  |TAMS 0x00000000c3b00000| PB 0x00000000c3b00000| Untracked 
|  16|0x00000000c3c00000, 0x00000000c3d00000, 0x00000000c3d00000|100%| O|  |TAMS 0x00000000c3c00000| PB 0x00000000c3c00000| Untracked 
|  17|0x00000000c3d00000, 0x00000000c3e00000, 0x00000000c3e00000|100%| O|  |TAMS 0x00000000c3d00000| PB 0x00000000c3d00000| Untracked 
|  18|0x00000000c3e00000, 0x00000000c3f00000, 0x00000000c3f00000|100%| O|  |TAMS 0x00000000c3e00000| PB 0x00000000c3e00000| Untracked 
|  19|0x00000000c3f00000, 0x00000000c4000000, 0x00000000c4000000|100%| O|  |TAMS 0x00000000c3f00000| PB 0x00000000c3f00000| Untracked 
|  20|0x00000000c4000000, 0x00000000c4100000, 0x00000000c4100000|100%| O|  |TAMS 0x00000000c4000000| PB 0x00000000c4000000| Untracked 
|  21|0x00000000c4100000, 0x00000000c410cc00, 0x00000000c4200000|  4%| O|  |TAMS 0x00000000c4100000| PB 0x00000000c4100000| Untracked 
|  22|0x00000000c4200000, 0x00000000c4200000, 0x00000000c4300000|  0%| F|  |TAMS 0x00000000c4200000| PB 0x00000000c4200000| Untracked 
|  23|0x00000000c4300000, 0x00000000c4300000, 0x00000000c4400000|  0%| F|  |TAMS 0x00000000c4300000| PB 0x00000000c4300000| Untracked 
|  24|0x00000000c4400000, 0x00000000c4400000, 0x00000000c4500000|  0%| F|  |TAMS 0x00000000c4400000| PB 0x00000000c4400000| Untracked 
|  25|0x00000000c4500000, 0x00000000c4500000, 0x00000000c4600000|  0%| F|  |TAMS 0x00000000c4500000| PB 0x00000000c4500000| Untracked 
|  26|0x00000000c4600000, 0x00000000c4600000, 0x00000000c4700000|  0%| F|  |TAMS 0x00000000c4600000| PB 0x00000000c4600000| Untracked 
|  27|0x00000000c4700000, 0x00000000c4700000, 0x00000000c4800000|  0%| F|  |TAMS 0x00000000c4700000| PB 0x00000000c4700000| Untracked 
|  28|0x00000000c4800000, 0x00000000c4800000, 0x00000000c4900000|  0%| F|  |TAMS 0x00000000c4800000| PB 0x00000000c4800000| Untracked 
|  29|0x00000000c4900000, 0x00000000c4900000, 0x00000000c4a00000|  0%| F|  |TAMS 0x00000000c4900000| PB 0x00000000c4900000| Untracked 
|  30|0x00000000c4a00000, 0x00000000c4a00000, 0x00000000c4b00000|  0%| F|  |TAMS 0x00000000c4a00000| PB 0x00000000c4a00000| Untracked 
|  31|0x00000000c4b00000, 0x00000000c4b00000, 0x00000000c4c00000|  0%| F|  |TAMS 0x00000000c4b00000| PB 0x00000000c4b00000| Untracked 
|  32|0x00000000c4c00000, 0x00000000c4c00000, 0x00000000c4d00000|  0%| F|  |TAMS 0x00000000c4c00000| PB 0x00000000c4c00000| Untracked 
|  33|0x00000000c4d00000, 0x00000000c4d00000, 0x00000000c4e00000|  0%| F|  |TAMS 0x00000000c4d00000| PB 0x00000000c4d00000| Untracked 
|  34|0x00000000c4e00000, 0x00000000c4e00000, 0x00000000c4f00000|  0%| F|  |TAMS 0x00000000c4e00000| PB 0x00000000c4e00000| Untracked 
|  35|0x00000000c4f00000, 0x00000000c4f00000, 0x00000000c5000000|  0%| F|  |TAMS 0x00000000c4f00000| PB 0x00000000c4f00000| Untracked 
|  36|0x00000000c5000000, 0x00000000c5000000, 0x00000000c5100000|  0%| F|  |TAMS 0x00000000c5000000| PB 0x00000000c5000000| Untracked 
|  37|0x00000000c5100000, 0x00000000c5100000, 0x00000000c5200000|  0%| F|  |TAMS 0x00000000c5100000| PB 0x00000000c5100000| Untracked 
|  38|0x00000000c5200000, 0x00000000c5200000, 0x00000000c5300000|  0%| F|  |TAMS 0x00000000c5200000| PB 0x00000000c5200000| Untracked 
|  39|0x00000000c5300000, 0x00000000c5300000, 0x00000000c5400000|  0%| F|  |TAMS 0x00000000c5300000| PB 0x00000000c5300000| Untracked 
|  40|0x00000000c5400000, 0x00000000c5400000, 0x00000000c5500000|  0%| F|  |TAMS 0x00000000c5400000| PB 0x00000000c5400000| Untracked 
|  41|0x00000000c5500000, 0x00000000c5500000, 0x00000000c5600000|  0%| F|  |TAMS 0x00000000c5500000| PB 0x00000000c5500000| Untracked 
|  42|0x00000000c5600000, 0x00000000c5600000, 0x00000000c5700000|  0%| F|  |TAMS 0x00000000c5600000| PB 0x00000000c5600000| Untracked 
|  43|0x00000000c5700000, 0x00000000c5700000, 0x00000000c5800000|  0%| F|  |TAMS 0x00000000c5700000| PB 0x00000000c5700000| Untracked 
|  44|0x00000000c5800000, 0x00000000c5800000, 0x00000000c5900000|  0%| F|  |TAMS 0x00000000c5800000| PB 0x00000000c5800000| Untracked 
|  45|0x00000000c5900000, 0x00000000c5900000, 0x00000000c5a00000|  0%| F|  |TAMS 0x00000000c5900000| PB 0x00000000c5900000| Untracked 
|  46|0x00000000c5a00000, 0x00000000c5a00000, 0x00000000c5b00000|  0%| F|  |TAMS 0x00000000c5a00000| PB 0x00000000c5a00000| Untracked 
|  47|0x00000000c5b00000, 0x00000000c5b02040, 0x00000000c5c00000|  0%| S|CS|TAMS 0x00000000c5b00000| PB 0x00000000c5b00000| Complete 
|  48|0x00000000c5c00000, 0x00000000c5c00000, 0x00000000c5d00000|  0%| F|  |TAMS 0x00000000c5c00000| PB 0x00000000c5c00000| Untracked 
|  49|0x00000000c5d00000, 0x00000000c5d00000, 0x00000000c5e00000|  0%| F|  |TAMS 0x00000000c5d00000| PB 0x00000000c5d00000| Untracked 
|  50|0x00000000c5e00000, 0x00000000c5e00000, 0x00000000c5f00000|  0%| F|  |TAMS 0x00000000c5e00000| PB 0x00000000c5e00000| Untracked 
|  51|0x00000000c5f00000, 0x00000000c5f00000, 0x00000000c6000000|  0%| F|  |TAMS 0x00000000c5f00000| PB 0x00000000c5f00000| Untracked 
|  52|0x00000000c6000000, 0x00000000c6000000, 0x00000000c6100000|  0%| F|  |TAMS 0x00000000c6000000| PB 0x00000000c6000000| Untracked 
|  53|0x00000000c6100000, 0x00000000c6100000, 0x00000000c6200000|  0%| F|  |TAMS 0x00000000c6100000| PB 0x00000000c6100000| Untracked 
|  54|0x00000000c6200000, 0x00000000c6200000, 0x00000000c6300000|  0%| F|  |TAMS 0x00000000c6200000| PB 0x00000000c6200000| Untracked 
|  55|0x00000000c6300000, 0x00000000c6300000, 0x00000000c6400000|  0%| F|  |TAMS 0x00000000c6300000| PB 0x00000000c6300000| Untracked 
|  56|0x00000000c6400000, 0x00000000c6400000, 0x00000000c6500000|  0%| F|  |TAMS 0x00000000c6400000| PB 0x00000000c6400000| Untracked 
|  57|0x00000000c6500000, 0x00000000c6500000, 0x00000000c6600000|  0%| F|  |TAMS 0x00000000c6500000| PB 0x00000000c6500000| Untracked 
|  58|0x00000000c6600000, 0x00000000c6600000, 0x00000000c6700000|  0%| F|  |TAMS 0x00000000c6600000| PB 0x00000000c6600000| Untracked 
|  59|0x00000000c6700000, 0x00000000c6700000, 0x00000000c6800000|  0%| F|  |TAMS 0x00000000c6700000| PB 0x00000000c6700000| Untracked 
|  60|0x00000000c6800000, 0x00000000c6800000, 0x00000000c6900000|  0%| F|  |TAMS 0x00000000c6800000| PB 0x00000000c6800000| Untracked 
|  61|0x00000000c6900000, 0x00000000c6900000, 0x00000000c6a00000|  0%| F|  |TAMS 0x00000000c6900000| PB 0x00000000c6900000| Untracked 
|  62|0x00000000c6a00000, 0x00000000c6a00000, 0x00000000c6b00000|  0%| F|  |TAMS 0x00000000c6a00000| PB 0x00000000c6a00000| Untracked 
|  63|0x00000000c6b00000, 0x00000000c6b00000, 0x00000000c6c00000|  0%| F|  |TAMS 0x00000000c6b00000| PB 0x00000000c6b00000| Untracked 
|  64|0x00000000c6c00000, 0x00000000c6c00000, 0x00000000c6d00000|  0%| F|  |TAMS 0x00000000c6c00000| PB 0x00000000c6c00000| Untracked 
|  65|0x00000000c6d00000, 0x00000000c6d00000, 0x00000000c6e00000|  0%| F|  |TAMS 0x00000000c6d00000| PB 0x00000000c6d00000| Untracked 
|  66|0x00000000c6e00000, 0x00000000c6e00000, 0x00000000c6f00000|  0%| F|  |TAMS 0x00000000c6e00000| PB 0x00000000c6e00000| Untracked 
|  67|0x00000000c6f00000, 0x00000000c6f00000, 0x00000000c7000000|  0%| F|  |TAMS 0x00000000c6f00000| PB 0x00000000c6f00000| Untracked 
|  68|0x00000000c7000000, 0x00000000c7000000, 0x00000000c7100000|  0%| F|  |TAMS 0x00000000c7000000| PB 0x00000000c7000000| Untracked 
|  69|0x00000000c7100000, 0x00000000c7100000, 0x00000000c7200000|  0%| F|  |TAMS 0x00000000c7100000| PB 0x00000000c7100000| Untracked 
|  70|0x00000000c7200000, 0x00000000c7200000, 0x00000000c7300000|  0%| F|  |TAMS 0x00000000c7200000| PB 0x00000000c7200000| Untracked 
|  71|0x00000000c7300000, 0x00000000c7300000, 0x00000000c7400000|  0%| F|  |TAMS 0x00000000c7300000| PB 0x00000000c7300000| Untracked 
|  72|0x00000000c7400000, 0x00000000c7400000, 0x00000000c7500000|  0%| F|  |TAMS 0x00000000c7400000| PB 0x00000000c7400000| Untracked 
|  73|0x00000000c7500000, 0x00000000c7500000, 0x00000000c7600000|  0%| F|  |TAMS 0x00000000c7500000| PB 0x00000000c7500000| Untracked 
|  74|0x00000000c7600000, 0x00000000c7600000, 0x00000000c7700000|  0%| F|  |TAMS 0x00000000c7600000| PB 0x00000000c7600000| Untracked 
|  75|0x00000000c7700000, 0x00000000c7700000, 0x00000000c7800000|  0%| F|  |TAMS 0x00000000c7700000| PB 0x00000000c7700000| Untracked 
|  76|0x00000000c7800000, 0x00000000c7800000, 0x00000000c7900000|  0%| F|  |TAMS 0x00000000c7800000| PB 0x00000000c7800000| Untracked 
|  77|0x00000000c7900000, 0x00000000c7900000, 0x00000000c7a00000|  0%| F|  |TAMS 0x00000000c7900000| PB 0x00000000c7900000| Untracked 
|  78|0x00000000c7a00000, 0x00000000c7a00000, 0x00000000c7b00000|  0%| F|  |TAMS 0x00000000c7a00000| PB 0x00000000c7a00000| Untracked 
|  79|0x00000000c7b00000, 0x00000000c7b00000, 0x00000000c7c00000|  0%| F|  |TAMS 0x00000000c7b00000| PB 0x00000000c7b00000| Untracked 
|  80|0x00000000c7c00000, 0x00000000c7c00000, 0x00000000c7d00000|  0%| F|  |TAMS 0x00000000c7c00000| PB 0x00000000c7c00000| Untracked 
|  81|0x00000000c7d00000, 0x00000000c7d00000, 0x00000000c7e00000|  0%| F|  |TAMS 0x00000000c7d00000| PB 0x00000000c7d00000| Untracked 
|  82|0x00000000c7e00000, 0x00000000c7e00000, 0x00000000c7f00000|  0%| F|  |TAMS 0x00000000c7e00000| PB 0x00000000c7e00000| Untracked 
|  83|0x00000000c7f00000, 0x00000000c7f00000, 0x00000000c8000000|  0%| F|  |TAMS 0x00000000c7f00000| PB 0x00000000c7f00000| Untracked 
|  84|0x00000000c8000000, 0x00000000c8000000, 0x00000000c8100000|  0%| F|  |TAMS 0x00000000c8000000| PB 0x00000000c8000000| Untracked 
|  85|0x00000000c8100000, 0x00000000c8100000, 0x00000000c8200000|  0%| F|  |TAMS 0x00000000c8100000| PB 0x00000000c8100000| Untracked 
|  86|0x00000000c8200000, 0x00000000c8200000, 0x00000000c8300000|  0%| F|  |TAMS 0x00000000c8200000| PB 0x00000000c8200000| Untracked 
|  87|0x00000000c8300000, 0x00000000c8300000, 0x00000000c8400000|  0%| F|  |TAMS 0x00000000c8300000| PB 0x00000000c8300000| Untracked 
|  88|0x00000000c8400000, 0x00000000c8400000, 0x00000000c8500000|  0%| F|  |TAMS 0x00000000c8400000| PB 0x00000000c8400000| Untracked 
|  89|0x00000000c8500000, 0x00000000c8500000, 0x00000000c8600000|  0%| F|  |TAMS 0x00000000c8500000| PB 0x00000000c8500000| Untracked 
|  90|0x00000000c8600000, 0x00000000c8600000, 0x00000000c8700000|  0%| F|  |TAMS 0x00000000c8600000| PB 0x00000000c8600000| Untracked 
|  91|0x00000000c8700000, 0x00000000c8700000, 0x00000000c8800000|  0%| F|  |TAMS 0x00000000c8700000| PB 0x00000000c8700000| Untracked 
|  92|0x00000000c8800000, 0x00000000c8800000, 0x00000000c8900000|  0%| F|  |TAMS 0x00000000c8800000| PB 0x00000000c8800000| Untracked 
|  93|0x00000000c8900000, 0x00000000c8900000, 0x00000000c8a00000|  0%| F|  |TAMS 0x00000000c8900000| PB 0x00000000c8900000| Untracked 
|  94|0x00000000c8a00000, 0x00000000c8a00000, 0x00000000c8b00000|  0%| F|  |TAMS 0x00000000c8a00000| PB 0x00000000c8a00000| Untracked 
|  95|0x00000000c8b00000, 0x00000000c8b00000, 0x00000000c8c00000|  0%| F|  |TAMS 0x00000000c8b00000| PB 0x00000000c8b00000| Untracked 
|  96|0x00000000c8c00000, 0x00000000c8c00000, 0x00000000c8d00000|  0%| F|  |TAMS 0x00000000c8c00000| PB 0x00000000c8c00000| Untracked 
|  97|0x00000000c8d00000, 0x00000000c8d00000, 0x00000000c8e00000|  0%| F|  |TAMS 0x00000000c8d00000| PB 0x00000000c8d00000| Untracked 
|  98|0x00000000c8e00000, 0x00000000c8e00000, 0x00000000c8f00000|  0%| F|  |TAMS 0x00000000c8e00000| PB 0x00000000c8e00000| Untracked 
|  99|0x00000000c8f00000, 0x00000000c8f00000, 0x00000000c9000000|  0%| F|  |TAMS 0x00000000c8f00000| PB 0x00000000c8f00000| Untracked 
| 100|0x00000000c9000000, 0x00000000c9000000, 0x00000000c9100000|  0%| F|  |TAMS 0x00000000c9000000| PB 0x00000000c9000000| Untracked 
| 101|0x00000000c9100000, 0x00000000c9100000, 0x00000000c9200000|  0%| F|  |TAMS 0x00000000c9100000| PB 0x00000000c9100000| Untracked 
| 102|0x00000000c9200000, 0x00000000c9200000, 0x00000000c9300000|  0%| F|  |TAMS 0x00000000c9200000| PB 0x00000000c9200000| Untracked 
| 103|0x00000000c9300000, 0x00000000c9300000, 0x00000000c9400000|  0%| F|  |TAMS 0x00000000c9300000| PB 0x00000000c9300000| Untracked 
| 104|0x00000000c9400000, 0x00000000c9400000, 0x00000000c9500000|  0%| F|  |TAMS 0x00000000c9400000| PB 0x00000000c9400000| Untracked 
| 105|0x00000000c9500000, 0x00000000c9500000, 0x00000000c9600000|  0%| F|  |TAMS 0x00000000c9500000| PB 0x00000000c9500000| Untracked 
| 106|0x00000000c9600000, 0x00000000c9600000, 0x00000000c9700000|  0%| F|  |TAMS 0x00000000c9600000| PB 0x00000000c9600000| Untracked 
| 107|0x00000000c9700000, 0x00000000c9700000, 0x00000000c9800000|  0%| F|  |TAMS 0x00000000c9700000| PB 0x00000000c9700000| Untracked 
| 108|0x00000000c9800000, 0x00000000c9800000, 0x00000000c9900000|  0%| F|  |TAMS 0x00000000c9800000| PB 0x00000000c9800000| Untracked 
| 109|0x00000000c9900000, 0x00000000c9900000, 0x00000000c9a00000|  0%| F|  |TAMS 0x00000000c9900000| PB 0x00000000c9900000| Untracked 
| 110|0x00000000c9a00000, 0x00000000c9a00000, 0x00000000c9b00000|  0%| F|  |TAMS 0x00000000c9a00000| PB 0x00000000c9a00000| Untracked 
| 111|0x00000000c9b00000, 0x00000000c9b00000, 0x00000000c9c00000|  0%| F|  |TAMS 0x00000000c9b00000| PB 0x00000000c9b00000| Untracked 
| 112|0x00000000c9c00000, 0x00000000c9c00000, 0x00000000c9d00000|  0%| F|  |TAMS 0x00000000c9c00000| PB 0x00000000c9c00000| Untracked 
| 113|0x00000000c9d00000, 0x00000000c9d00000, 0x00000000c9e00000|  0%| F|  |TAMS 0x00000000c9d00000| PB 0x00000000c9d00000| Untracked 
| 114|0x00000000c9e00000, 0x00000000c9e00000, 0x00000000c9f00000|  0%| F|  |TAMS 0x00000000c9e00000| PB 0x00000000c9e00000| Untracked 
| 115|0x00000000c9f00000, 0x00000000c9f00000, 0x00000000ca000000|  0%| F|  |TAMS 0x00000000c9f00000| PB 0x00000000c9f00000| Untracked 

Card table byte_map: [0x0000029c5d3d0000,0x0000029c5d5c0000] _byte_map_base: 0x0000029c5cdba000

Marking Bits: (CMBitMap*) 0x0000029c4614f470
 Bits: [0x0000029c5d7b0000, 0x0000029c5e700000)

Polling page: 0x0000029c44030000

Metaspace:

Usage:
  Non-class:     14.00 MB used.
      Class:      1.99 MB used.
       Both:     15.99 MB used.

Virtual space:
  Non-class space:       64.00 MB reserved,      14.19 MB ( 22%) committed,  1 nodes.
      Class space:        1.00 GB reserved,       2.19 MB ( <1%) committed,  1 nodes.
             Both:        1.06 GB reserved,      16.38 MB (  2%) committed. 

Chunk freelists:
   Non-Class:  1.52 MB
       Class:  1.80 MB
        Both:  3.32 MB

MaxMetaspaceSize: unlimited
CompressedClassSpaceSize: 1.00 GB
Initial GC threshold: 21.00 MB
Current GC threshold: 21.00 MB
CDS: on
MetaspaceReclaimPolicy: balanced
 - commit_granule_bytes: 65536.
 - commit_granule_words: 8192.
 - virtual_space_node_default_size: 8388608.
 - enlarge_chunks_in_place: 1.
 - new_chunks_are_fully_committed: 0.
 - uncommit_free_chunks: 1.
 - use_allocation_guard: 0.


Internal statistics:

num_allocs_failed_limit: 0.
num_arena_births: 378.
num_arena_deaths: 0.
num_vsnodes_births: 2.
num_vsnodes_deaths: 0.
num_space_committed: 262.
num_space_uncommitted: 0.
num_chunks_returned_to_freelist: 0.
num_chunks_taken_from_freelist: 865.
num_chunk_merges: 0.
num_chunk_splits: 616.
num_chunks_enlarged: 472.
num_inconsistent_stats: 0.

CodeHeap 'non-profiled nmethods': size=120000Kb used=2597Kb max_used=2597Kb free=117403Kb
 bounds [0x0000029c55cb0000, 0x0000029c55f40000, 0x0000029c5d1e0000]
CodeHeap 'profiled nmethods': size=120000Kb used=9782Kb max_used=9782Kb free=110217Kb
 bounds [0x0000029c4e1e0000, 0x0000029c4eb70000, 0x0000029c55710000]
CodeHeap 'non-nmethods': size=5760Kb used=1846Kb max_used=1905Kb free=3914Kb
 bounds [0x0000029c55710000, 0x0000029c55980000, 0x0000029c55cb0000]
 total_blobs=5750 nmethods=4941 adapters=718
 compilation: enabled
              stopped_count=0, restarted_count=0
 full_count=0

Compilation events (20 events):
Event: 60.897 Thread 0x0000029c60b77510 nmethod 4941 0x0000029c55f23c10 code [0x0000029c55f23d80, 0x0000029c55f23f88]
Event: 61.025 Thread 0x0000029c60b77510 4942   !   4       com.sun.javafx.tk.quantum.PaintCollector::renderAll (381 bytes)
Event: 61.301 Thread 0x0000029c60b77510 nmethod 4942 0x0000029c55f24090 code [0x0000029c55f243c0, 0x0000029c55f27488]
Event: 61.302 Thread 0x0000029c60b77510 4943   !   4       javafx.scene.Scene$ScenePulseListener::pulse (504 bytes)
Event: 62.645 Thread 0x0000029c60b77510 nmethod 4943 0x0000029c55f2a610 code [0x0000029c55f2ad00, 0x0000029c55f306c8]
Event: 62.655 Thread 0x0000029c60b77510 4944       4       com.example.proyectodeprogramacion.ControladorDisplay$1::handle (435 bytes)
Event: 62.717 Thread 0x0000029c60b77510 nmethod 4944 0x0000029c55f34390 code [0x0000029c55f345a0, 0x0000029c55f34a20]
Event: 63.899 Thread 0x0000029c60b77510 4945       4       java.util.concurrent.CountDownLatch$Sync::tryReleaseShared (37 bytes)
Event: 63.900 Thread 0x0000029c60b77510 nmethod 4945 0x0000029c55f35090 code [0x0000029c55f35200, 0x0000029c55f352e8]
Event: 63.908 Thread 0x0000029c60b77510 4946       4       java.util.concurrent.ThreadPoolExecutor$Worker::unlock (7 bytes)
Event: 63.911 Thread 0x0000029c60b77510 nmethod 4946 0x0000029c55f35390 code [0x0000029c55f35520, 0x0000029c55f356e0]
Event: 63.911 Thread 0x0000029c60b77510 4947   !   4       java.util.concurrent.ThreadPoolExecutor::getTask (177 bytes)
Event: 63.938 Thread 0x0000029c60b77510 nmethod 4947 0x0000029c55f35890 code [0x0000029c55f35a80, 0x0000029c55f364c0]
Event: 63.952 Thread 0x0000029c60b77510 4948       4       com.sun.javafx.tk.quantum.QuantumRenderer::afterExecute (31 bytes)
Event: 63.984 Thread 0x0000029c60b77510 nmethod 4948 0x0000029c55f36c10 code [0x0000029c55f36d80, 0x0000029c55f36e28]
Event: 63.996 Thread 0x0000029c60b77510 4949       4       com.sun.prism.impl.Disposer::cleanUp (36 bytes)
Event: 64.193 Thread 0x0000029c60b77510 nmethod 4949 0x0000029c55f36f10 code [0x0000029c55f37100, 0x0000029c55f37dc0]
Event: 64.193 Thread 0x0000029c60b77510 4950  s!   4       com.sun.prism.impl.Disposer::disposeUnreachables (68 bytes)
Event: 64.201 Thread 0x0000029c60b77510 nmethod 4950 0x0000029c55f38510 code [0x0000029c55f386e0, 0x0000029c55f38f08]
Event: 64.226 Thread 0x0000029c60b77510 4951   !   4       com.sun.javafx.tk.RenderJob::run (95 bytes)

GC Heap History (20 events):
Event: 63.321 GC heap after
{Heap after GC invocations=208 (full 0):
 garbage-first heap   total 118784K, used 21561K [0x00000000c2c00000, 0x0000000100000000)
  region size 1024K, 1 young (1024K), 1 survivors (1024K)
 Metaspace       used 16374K, committed 16768K, reserved 1114112K
  class space    used 2037K, committed 2240K, reserved 1048576K
}
Event: 63.406 GC heap before
{Heap before GC invocations=208 (full 0):
 garbage-first heap   total 118784K, used 91193K [0x00000000c2c00000, 0x0000000100000000)
  region size 1024K, 69 young (70656K), 1 survivors (1024K)
 Metaspace       used 16374K, committed 16768K, reserved 1114112K
  class space    used 2037K, committed 2240K, reserved 1048576K
}
Event: 63.407 GC heap after
{Heap after GC invocations=209 (full 0):
 garbage-first heap   total 118784K, used 21563K [0x00000000c2c00000, 0x0000000100000000)
  region size 1024K, 1 young (1024K), 1 survivors (1024K)
 Metaspace       used 16374K, committed 16768K, reserved 1114112K
  class space    used 2037K, committed 2240K, reserved 1048576K
}
Event: 63.488 GC heap before
{Heap before GC invocations=209 (full 0):
 garbage-first heap   total 118784K, used 91195K [0x00000000c2c00000, 0x0000000100000000)
  region size 1024K, 69 young (70656K), 1 survivors (1024K)
 Metaspace       used 16374K, committed 16768K, reserved 1114112K
  class space    used 2037K, committed 2240K, reserved 1048576K
}
Event: 63.489 GC heap after
{Heap after GC invocations=210 (full 0):
 garbage-first heap   total 118784K, used 21561K [0x00000000c2c00000, 0x0000000100000000)
  region size 1024K, 1 young (1024K), 1 survivors (1024K)
 Metaspace       used 16374K, committed 16768K, reserved 1114112K
  class space    used 2037K, committed 2240K, reserved 1048576K
}
Event: 63.617 GC heap before
{Heap before GC invocations=210 (full 0):
 garbage-first heap   total 118784K, used 91193K [0x00000000c2c00000, 0x0000000100000000)
  region size 1024K, 69 young (70656K), 1 survivors (1024K)
 Metaspace       used 16374K, committed 16768K, reserved 1114112K
  class space    used 2037K, committed 2240K, reserved 1048576K
}
Event: 63.618 GC heap after
{Heap after GC invocations=211 (full 0):
 garbage-first heap   total 118784K, used 21561K [0x00000000c2c00000, 0x0000000100000000)
  region size 1024K, 1 young (1024K), 1 survivors (1024K)
 Metaspace       used 16374K, committed 16768K, reserved 1114112K
  class space    used 2037K, committed 2240K, reserved 1048576K
}
Event: 63.716 GC heap before
{Heap before GC invocations=211 (full 0):
 garbage-first heap   total 118784K, used 91193K [0x00000000c2c00000, 0x0000000100000000)
  region size 1024K, 69 young (70656K), 1 survivors (1024K)
 Metaspace       used 16374K, committed 16768K, reserved 1114112K
  class space    used 2037K, committed 2240K, reserved 1048576K
}
Event: 63.717 GC heap after
{Heap after GC invocations=212 (full 0):
 garbage-first heap   total 118784K, used 21563K [0x00000000c2c00000, 0x0000000100000000)
  region size 1024K, 1 young (1024K), 1 survivors (1024K)
 Metaspace       used 16374K, committed 16768K, reserved 1114112K
  class space    used 2037K, committed 2240K, reserved 1048576K
}
Event: 63.811 GC heap before
{Heap before GC invocations=212 (full 0):
 garbage-first heap   total 118784K, used 91195K [0x00000000c2c00000, 0x0000000100000000)
  region size 1024K, 69 young (70656K), 1 survivors (1024K)
 Metaspace       used 16374K, committed 16768K, reserved 1114112K
  class space    used 2037K, committed 2240K, reserved 1048576K
}
Event: 63.811 GC heap after
{Heap after GC invocations=213 (full 0):
 garbage-first heap   total 118784K, used 21559K [0x00000000c2c00000, 0x0000000100000000)
  region size 1024K, 1 young (1024K), 1 survivors (1024K)
 Metaspace       used 16374K, committed 16768K, reserved 1114112K
  class space    used 2037K, committed 2240K, reserved 1048576K
}
Event: 63.895 GC heap before
{Heap before GC invocations=213 (full 0):
 garbage-first heap   total 118784K, used 91191K [0x00000000c2c00000, 0x0000000100000000)
  region size 1024K, 69 young (70656K), 1 survivors (1024K)
 Metaspace       used 16374K, committed 16768K, reserved 1114112K
  class space    used 2037K, committed 2240K, reserved 1048576K
}
Event: 63.896 GC heap after
{Heap after GC invocations=214 (full 0):
 garbage-first heap   total 118784K, used 21561K [0x00000000c2c00000, 0x0000000100000000)
  region size 1024K, 1 young (1024K), 1 survivors (1024K)
 Metaspace       used 16374K, committed 16768K, reserved 1114112K
  class space    used 2037K, committed 2240K, reserved 1048576K
}
Event: 64.107 GC heap before
{Heap before GC invocations=214 (full 0):
 garbage-first heap   total 118784K, used 91193K [0x00000000c2c00000, 0x0000000100000000)
  region size 1024K, 69 young (70656K), 1 survivors (1024K)
 Metaspace       used 16374K, committed 16768K, reserved 1114112K
  class space    used 2037K, committed 2240K, reserved 1048576K
}
Event: 64.107 GC heap after
{Heap after GC invocations=215 (full 0):
 garbage-first heap   total 118784K, used 21563K [0x00000000c2c00000, 0x0000000100000000)
  region size 1024K, 1 young (1024K), 1 survivors (1024K)
 Metaspace       used 16374K, committed 16768K, reserved 1114112K
  class space    used 2037K, committed 2240K, reserved 1048576K
}
Event: 64.202 GC heap before
{Heap before GC invocations=215 (full 0):
 garbage-first heap   total 118784K, used 91195K [0x00000000c2c00000, 0x0000000100000000)
  region size 1024K, 69 young (70656K), 1 survivors (1024K)
 Metaspace       used 16374K, committed 16768K, reserved 1114112K
  class space    used 2037K, committed 2240K, reserved 1048576K
}
Event: 64.203 GC heap after
{Heap after GC invocations=216 (full 0):
 garbage-first heap   total 118784K, used 21563K [0x00000000c2c00000, 0x0000000100000000)
  region size 1024K, 1 young (1024K), 1 survivors (1024K)
 Metaspace       used 16374K, committed 16768K, reserved 1114112K
  class space    used 2037K, committed 2240K, reserved 1048576K
}
Event: 64.305 GC heap before
{Heap before GC invocations=216 (full 0):
 garbage-first heap   total 118784K, used 91195K [0x00000000c2c00000, 0x0000000100000000)
  region size 1024K, 69 young (70656K), 1 survivors (1024K)
 Metaspace       used 16374K, committed 16768K, reserved 1114112K
  class space    used 2037K, committed 2240K, reserved 1048576K
}
Event: 64.306 GC heap after
{Heap after GC invocations=217 (full 0):
 garbage-first heap   total 118784K, used 21563K [0x00000000c2c00000, 0x0000000100000000)
  region size 1024K, 1 young (1024K), 1 survivors (1024K)
 Metaspace       used 16374K, committed 16768K, reserved 1114112K
  class space    used 2037K, committed 2240K, reserved 1048576K
}
Event: 64.404 GC heap before
{Heap before GC invocations=217 (full 0):
 garbage-first heap   total 118784K, used 91195K [0x00000000c2c00000, 0x0000000100000000)
  region size 1024K, 69 young (70656K), 1 survivors (1024K)
 Metaspace       used 16374K, committed 16768K, reserved 1114112K
  class space    used 2037K, committed 2240K, reserved 1048576K
}

Dll operation events (20 events):
Event: 1.939 Loaded shared library C:\Users\prepu\.openjfx\cache\20.0.1+2\amd64\api-ms-win-crt-locale-l1-1-0.dll
Event: 1.957 Loaded shared library C:\Users\prepu\.openjfx\cache\20.0.1+2\amd64\api-ms-win-crt-math-l1-1-0.dll
Event: 1.967 Loaded shared library C:\Users\prepu\.openjfx\cache\20.0.1+2\amd64\api-ms-win-crt-multibyte-l1-1-0.dll
Event: 1.977 Loaded shared library C:\Users\prepu\.openjfx\cache\20.0.1+2\amd64\api-ms-win-crt-private-l1-1-0.dll
Event: 1.995 Loaded shared library C:\Users\prepu\.openjfx\cache\20.0.1+2\amd64\api-ms-win-crt-process-l1-1-0.dll
Event: 2.013 Loaded shared library C:\Users\prepu\.openjfx\cache\20.0.1+2\amd64\api-ms-win-crt-runtime-l1-1-0.dll
Event: 2.023 Loaded shared library C:\Users\prepu\.openjfx\cache\20.0.1+2\amd64\api-ms-win-crt-stdio-l1-1-0.dll
Event: 2.050 Loaded shared library C:\Users\prepu\.openjfx\cache\20.0.1+2\amd64\api-ms-win-crt-string-l1-1-0.dll
Event: 2.058 Loaded shared library C:\Users\prepu\.openjfx\cache\20.0.1+2\amd64\api-ms-win-crt-time-l1-1-0.dll
Event: 2.064 Loaded shared library C:\Users\prepu\.openjfx\cache\20.0.1+2\amd64\api-ms-win-crt-utility-l1-1-0.dll
Event: 2.146 Loaded shared library C:\Users\prepu\.openjfx\cache\20.0.1+2\amd64\ucrtbase.dll
Event: 2.156 Loaded shared library C:\Users\prepu\.openjfx\cache\20.0.1+2\amd64\vcruntime140.dll
Event: 2.162 Loaded shared library C:\Users\prepu\.openjfx\cache\20.0.1+2\amd64\vcruntime140_1.dll
Event: 2.188 Loaded shared library C:\Users\prepu\.openjfx\cache\20.0.1+2\amd64\msvcp140.dll
Event: 2.216 Loaded shared library C:\Users\prepu\.openjfx\cache\20.0.1+2\amd64\msvcp140_1.dll
Event: 2.227 Loaded shared library C:\Users\prepu\.openjfx\cache\20.0.1+2\amd64\msvcp140_2.dll
Event: 2.470 Loaded shared library C:\Users\prepu\.openjfx\cache\20.0.1+2\amd64\prism_d3d.dll
Event: 2.946 Loaded shared library C:\Users\prepu\.openjfx\cache\20.0.1+2\amd64\glass.dll
Event: 4.835 Loaded shared library C:\Program Files\Java\jdk-20\bin\jimage.dll
Event: 6.370 Loaded shared library C:\Users\prepu\.openjfx\cache\20.0.1+2\amd64\javafx_font.dll

Deoptimization events (20 events):
Event: 54.209 Thread 0x0000029c657bcf50 Uncommon trap: trap_request=0xffffffbe fr.pc=0x0000029c55f095b8 relative=0x0000000000000fb8
Event: 54.209 Thread 0x0000029c657bcf50 Uncommon trap: reason=profile_predicate action=maybe_recompile pc=0x0000029c55f095b8 method=java.util.concurrent.locks.AbstractQueuedSynchronizer.acquire(Ljava/util/concurrent/locks/AbstractQueuedSynchronizer$Node;IZZZJ)I @ 20 c2
Event: 54.209 Thread 0x0000029c657bcf50 DEOPT PACKING pc=0x0000029c55f095b8 sp=0x000000c2e1efec00
Event: 54.209 Thread 0x0000029c657bcf50 DEOPT UNPACKING pc=0x0000029c55779d22 sp=0x000000c2e1efeb90 mode 2
Event: 54.210 Thread 0x0000029c660c1ab0 Uncommon trap: trap_request=0xffffffbe fr.pc=0x0000029c55f095b8 relative=0x0000000000000fb8
Event: 54.210 Thread 0x0000029c660c1ab0 Uncommon trap: reason=profile_predicate action=maybe_recompile pc=0x0000029c55f095b8 method=java.util.concurrent.locks.AbstractQueuedSynchronizer.acquire(Ljava/util/concurrent/locks/AbstractQueuedSynchronizer$Node;IZZZJ)I @ 20 c2
Event: 54.210 Thread 0x0000029c660c1ab0 DEOPT PACKING pc=0x0000029c55f095b8 sp=0x000000c2e1fff060
Event: 54.210 Thread 0x0000029c660c1ab0 DEOPT UNPACKING pc=0x0000029c55779d22 sp=0x000000c2e1ffeff0 mode 2
Event: 54.211 Thread 0x0000029c657bcf50 Uncommon trap: trap_request=0xffffffbe fr.pc=0x0000029c55f095b8 relative=0x0000000000000fb8
Event: 54.211 Thread 0x0000029c657bcf50 Uncommon trap: reason=profile_predicate action=maybe_recompile pc=0x0000029c55f095b8 method=java.util.concurrent.locks.AbstractQueuedSynchronizer.acquire(Ljava/util/concurrent/locks/AbstractQueuedSynchronizer$Node;IZZZJ)I @ 20 c2
Event: 54.211 Thread 0x0000029c657bcf50 DEOPT PACKING pc=0x0000029c55f095b8 sp=0x000000c2e1efec00
Event: 54.211 Thread 0x0000029c657bcf50 DEOPT UNPACKING pc=0x0000029c55779d22 sp=0x000000c2e1efeb90 mode 2
Event: 54.211 Thread 0x0000029c660c1ab0 Uncommon trap: trap_request=0xffffffbe fr.pc=0x0000029c55f095b8 relative=0x0000000000000fb8
Event: 54.211 Thread 0x0000029c660c1ab0 Uncommon trap: reason=profile_predicate action=maybe_recompile pc=0x0000029c55f095b8 method=java.util.concurrent.locks.AbstractQueuedSynchronizer.acquire(Ljava/util/concurrent/locks/AbstractQueuedSynchronizer$Node;IZZZJ)I @ 20 c2
Event: 54.211 Thread 0x0000029c660c1ab0 DEOPT PACKING pc=0x0000029c55f095b8 sp=0x000000c2e1fff060
Event: 54.211 Thread 0x0000029c660c1ab0 DEOPT UNPACKING pc=0x0000029c55779d22 sp=0x000000c2e1ffeff0 mode 2
Event: 54.660 Thread 0x0000029c657bcf50 Uncommon trap: trap_request=0xffffff45 fr.pc=0x0000029c55f0c9d0 relative=0x0000000000000130
Event: 54.660 Thread 0x0000029c657bcf50 Uncommon trap: reason=unstable_if action=reinterpret pc=0x0000029c55f0c9d0 method=com.sun.prism.impl.ManagedResource.bumpAge(I)V @ 7 c2
Event: 54.660 Thread 0x0000029c657bcf50 DEOPT PACKING pc=0x0000029c55f0c9d0 sp=0x000000c2e1efea10
Event: 54.660 Thread 0x0000029c657bcf50 DEOPT UNPACKING pc=0x0000029c55779d22 sp=0x000000c2e1efe948 mode 2

Classes loaded (20 events):
Event: 15.897 Loading class java/nio/DirectFloatBufferU
Event: 15.901 Loading class java/nio/DirectFloatBufferU done
Event: 24.324 Loading class java/util/EnumMap$Values
Event: 24.324 Loading class java/util/EnumMap$Values done
Event: 24.324 Loading class java/util/EnumMap$ValueIterator
Event: 24.324 Loading class java/util/EnumMap$EnumMapIterator
Event: 24.325 Loading class java/util/EnumMap$EnumMapIterator done
Event: 24.325 Loading class java/util/EnumMap$ValueIterator done
Event: 25.507 Loading class java/io/UnsupportedEncodingException
Event: 25.507 Loading class java/io/UnsupportedEncodingException done
Event: 26.070 Loading class java/math/BigDecimal
Event: 26.071 Loading class java/math/BigDecimal done
Event: 26.218 Loading class java/io/CharArrayReader
Event: 26.219 Loading class java/io/CharArrayReader done
Event: 26.219 Loading class java/io/BufferedReader
Event: 26.220 Loading class java/io/BufferedReader done
Event: 26.832 Loading class java/util/BitSet
Event: 26.832 Loading class java/util/BitSet done
Event: 27.679 Loading class jdk/internal/math/FDBigInteger
Event: 27.680 Loading class jdk/internal/math/FDBigInteger done

Classes unloaded (0 events):
No events

Classes redefined (0 events):
No events

Internal exceptions (20 events):
Event: 10.059 Thread 0x0000029c663617c0 Implicit null exception at 0x0000029c55cd23c6 to 0x0000029c55cd2462
Event: 10.328 Thread 0x0000029c663617c0 Implicit null exception at 0x0000029c55d23b40 to 0x0000029c55d23f90
Event: 10.411 Thread 0x0000029c663617c0 Implicit null exception at 0x0000029c55cd1a20 to 0x0000029c55cd1a9d
Event: 10.484 Thread 0x0000029c663617c0 Implicit null exception at 0x0000029c55d23240 to 0x0000029c55d23514
Event: 14.778 Thread 0x0000029c663617c0 Implicit null exception at 0x0000029c55d19412 to 0x0000029c55d19a64
Event: 14.898 Thread 0x0000029c663617c0 Exception <a 'java/lang/IncompatibleClassChangeError'{0x00000000c5d3dc38}: Found class java.lang.Object, but interface was expected> (0x00000000c5d3dc38) 
thrown [s\open\src\hotspot\share\interpreter\linkResolver.cpp, line 840]
Event: 15.004 Thread 0x0000029c663617c0 Exception <a 'java/lang/NoSuchMethodError'{0x00000000c5c767c8}: 'int java.lang.invoke.DirectMethodHandle$Holder.invokeSpecial(java.lang.Object, java.lang.Object, int)'> (0x00000000c5c767c8) 
thrown [s\open\src\hotspot\share\interpreter\linkResolver.cpp, line 773]
Event: 15.047 Thread 0x0000029c663617c0 Exception <a 'java/lang/NoSuchMethodError'{0x00000000c5cecbc8}: 'java.lang.Object java.lang.invoke.DirectMethodHandle$Holder.newInvokeSpecial(java.lang.Object, java.lang.Object, int)'> (0x00000000c5cecbc8) 
thrown [s\open\src\hotspot\share\interpreter\linkResolver.cpp, line 773]
Event: 15.406 Thread 0x0000029c657bcf50 Exception <a 'java/lang/NoSuchMethodError'{0x00000000c5b857a8}: 'int java.lang.invoke.DirectMethodHandle$Holder.invokeStaticInit(java.lang.Object, java.lang.Object)'> (0x00000000c5b857a8) 
thrown [s\open\src\hotspot\share\interpreter\linkResolver.cpp, line 773]
Event: 15.511 Thread 0x0000029c657bcf50 Exception <a 'java/lang/NoSuchMethodError'{0x00000000c5a23820}: 'java.lang.Object java.lang.invoke.Invokers$Holder.invokeExact_MT(java.lang.Object, java.lang.Object, java.lang.Object, java.lang.Object, java.lang.Object)'> (0x00000000c5a23820) 
thrown [s\open\src\hotspot\share\interpreter\linkResolver.cpp, line 773]
Event: 25.544 Thread 0x0000029c663617c0 Exception <a 'java/lang/NoSuchMethodError'{0x00000000c57af5d0}: 'long java.lang.invoke.DirectMethodHandle$Holder.invokeStatic(java.lang.Object, java.lang.Object, java.lang.Object)'> (0x00000000c57af5d0) 
thrown [s\open\src\hotspot\share\interpreter\linkResolver.cpp, line 773]
Event: 25.545 Thread 0x0000029c663617c0 Exception <a 'java/lang/NoSuchMethodError'{0x00000000c57b29a0}: 'long java.lang.invoke.DirectMethodHandle$Holder.invokeStaticInit(java.lang.Object, java.lang.Object, java.lang.Object)'> (0x00000000c57b29a0) 
thrown [s\open\src\hotspot\share\interpreter\linkResolver.cpp, line 773]
Event: 25.547 Thread 0x0000029c663617c0 Exception <a 'java/lang/NoSuchMethodError'{0x00000000c57cac58}: 'java.lang.Object java.lang.invoke.DirectMethodHandle$Holder.newInvokeSpecial(java.lang.Object, java.lang.Object, long)'> (0x00000000c57cac58) 
thrown [s\open\src\hotspot\share\interpreter\linkResolver.cpp, line 773]
Event: 25.548 Thread 0x0000029c663617c0 Exception <a 'java/lang/NoSuchMethodError'{0x00000000c57ce550}: 'java.lang.Object java.lang.invoke.Invokers$Holder.linkToTargetMethod(java.lang.Object, long, java.lang.Object)'> (0x00000000c57ce550) 
thrown [s\open\src\hotspot\share\interpreter\linkResolver.cpp, line 773]
Event: 26.159 Thread 0x0000029c663617c0 Exception <a 'java/lang/NoSuchMethodError'{0x00000000c5135658}: 'java.lang.Object java.lang.invoke.DirectMethodHandle$Holder.invokeSpecial(java.lang.Object, java.lang.Object, java.lang.Object, int, int)'> (0x00000000c5135658) 
thrown [s\open\src\hotspot\share\interpreter\linkResolver.cpp, line 773]
Event: 31.442 Thread 0x0000029c663617c0 Implicit null exception at 0x0000029c55df126d to 0x0000029c55df19c4
Event: 31.477 Thread 0x0000029c663617c0 Implicit null exception at 0x0000029c55dd67b3 to 0x0000029c55dd710c
Event: 32.325 Thread 0x0000029c663617c0 Exception <a 'java/lang/NoSuchMethodError'{0x00000000c63709f0}: 'java.lang.Object java.lang.invoke.DirectMethodHandle$Holder.newInvokeSpecial(java.lang.Object, java.lang.Object, int, int, int, int, int, java.lang.Object)'> (0x00000000c63709f0) 
thrown [s\open\src\hotspot\share\interpreter\linkResolver.cpp, line 773]
Event: 32.327 Thread 0x0000029c663617c0 Exception <a 'java/lang/NoSuchMethodError'{0x00000000c6383190}: 'java.lang.Object java.lang.invoke.DirectMethodHandle$Holder.newInvokeSpecial(java.lang.Object, java.lang.Object, java.lang.Object, int, int, int, int, int)'> (0x00000000c6383190) 
thrown [s\open\src\hotspot\share\interpreter\linkResolver.cpp, line 773]
Event: 32.328 Thread 0x0000029c663617c0 Exception <a 'java/lang/NoSuchMethodError'{0x00000000c638a4d0}: 'java.lang.Object java.lang.invoke.Invokers$Holder.linkToTargetMethod(java.lang.Object, java.lang.Object, int, int, int, int, int, java.lang.Object)'> (0x00000000c638a4d0) 
thrown [s\open\src\hotspot\share\interpreter\linkResolver.cpp, line 773]

VM Operations (20 events):
Event: 63.321 Executing VM operation: G1CollectForAllocation done
Event: 63.406 Executing VM operation: G1CollectForAllocation
Event: 63.407 Executing VM operation: G1CollectForAllocation done
Event: 63.488 Executing VM operation: G1CollectForAllocation
Event: 63.489 Executing VM operation: G1CollectForAllocation done
Event: 63.617 Executing VM operation: G1CollectForAllocation
Event: 63.618 Executing VM operation: G1CollectForAllocation done
Event: 63.716 Executing VM operation: G1CollectForAllocation
Event: 63.717 Executing VM operation: G1CollectForAllocation done
Event: 63.811 Executing VM operation: G1CollectForAllocation
Event: 63.811 Executing VM operation: G1CollectForAllocation done
Event: 63.895 Executing VM operation: G1CollectForAllocation
Event: 63.896 Executing VM operation: G1CollectForAllocation done
Event: 64.081 Executing VM operation: G1CollectForAllocation
Event: 64.108 Executing VM operation: G1CollectForAllocation done
Event: 64.202 Executing VM operation: G1CollectForAllocation
Event: 64.203 Executing VM operation: G1CollectForAllocation done
Event: 64.285 Executing VM operation: G1CollectForAllocation
Event: 64.306 Executing VM operation: G1CollectForAllocation done
Event: 64.404 Executing VM operation: G1CollectForAllocation

Events (18 events):
Event: 0.229 Thread 0x0000029c4610fee0 Thread added: 0x0000029c4610fee0
Event: 0.265 Thread 0x0000029c60b6c630 Thread added: 0x0000029c60b6c630
Event: 0.266 Thread 0x0000029c60b6d4d0 Thread added: 0x0000029c60b6d4d0
Event: 0.267 Thread 0x0000029c60b72cd0 Thread added: 0x0000029c60b72cd0
Event: 0.268 Thread 0x0000029c60b75620 Thread added: 0x0000029c60b75620
Event: 0.268 Thread 0x0000029c60b75f60 Thread added: 0x0000029c60b75f60
Event: 0.268 Thread 0x0000029c60b768a0 Thread added: 0x0000029c60b768a0
Event: 0.268 Thread 0x0000029c60b77510 Thread added: 0x0000029c60b77510
Event: 0.270 Thread 0x0000029c60b80150 Thread added: 0x0000029c60b80150
Event: 0.318 Thread 0x0000029c60b4ce10 Thread added: 0x0000029c60b4ce10
Event: 0.875 Thread 0x0000029c6520d370 Thread added: 0x0000029c6520d370
Event: 2.389 Thread 0x0000029c657bcf50 Thread added: 0x0000029c657bcf50
Event: 2.966 Thread 0x0000029c660c1ab0 Thread added: 0x0000029c660c1ab0
Event: 2.979 Thread 0x0000029c663617c0 Thread added: 0x0000029c663617c0
Event: 4.663 Thread 0x0000029c65deb000 Thread added: 0x0000029c65deb000
Event: 4.762 Thread 0x0000029c66366740 Thread added: 0x0000029c66366740
Event: 14.890 Thread 0x0000029c652bb590 Thread added: 0x0000029c652bb590
Event: 15.748 Thread 0x0000029c652b8070 Thread added: 0x0000029c652b8070


Dynamic libraries:
0x00007ff658720000 - 0x00007ff658730000 	C:\Program Files\Java\jdk-20\bin\java.exe
0x00007ff971bd0000 - 0x00007ff971de7000 	C:\WINDOWS\SYSTEM32\ntdll.dll
0x00007ff971280000 - 0x00007ff971344000 	C:\WINDOWS\System32\KERNEL32.DLL
0x00007ff96f4a0000 - 0x00007ff96f857000 	C:\WINDOWS\System32\KERNELBASE.dll
0x00007ff96f2e0000 - 0x00007ff96f3f1000 	C:\WINDOWS\System32\ucrtbase.dll
0x00007ff94eac0000 - 0x00007ff94ead9000 	C:\Program Files\Java\jdk-20\bin\jli.dll
0x00007ff9719f0000 - 0x00007ff971aa2000 	C:\WINDOWS\System32\ADVAPI32.dll
0x00007ff9711d0000 - 0x00007ff971277000 	C:\WINDOWS\System32\msvcrt.dll
0x00007ff96fca0000 - 0x00007ff96fd48000 	C:\WINDOWS\System32\sechost.dll
0x00007ff96f470000 - 0x00007ff96f498000 	C:\WINDOWS\System32\bcrypt.dll
0x00007ff971880000 - 0x00007ff971994000 	C:\WINDOWS\System32\RPCRT4.dll
0x00007ff94acc0000 - 0x00007ff94acdb000 	C:\Program Files\Java\jdk-20\bin\VCRUNTIME140.dll
0x00007ff970a40000 - 0x00007ff970bef000 	C:\WINDOWS\System32\USER32.dll
0x00007ff96f2b0000 - 0x00007ff96f2d6000 	C:\WINDOWS\System32\win32u.dll
0x00007ff971b60000 - 0x00007ff971b89000 	C:\WINDOWS\System32\GDI32.dll
0x00007ff96ef60000 - 0x00007ff96f078000 	C:\WINDOWS\System32\gdi32full.dll
0x00007ff96f860000 - 0x00007ff96f8fa000 	C:\WINDOWS\System32\msvcp_win.dll
0x00007ff957800000 - 0x00007ff957a93000 	C:\WINDOWS\WinSxS\amd64_microsoft.windows.common-controls_6595b64144ccf1df_6.0.22621.3672_none_2713b9d173822955\COMCTL32.dll
0x00007ff967f30000 - 0x00007ff967f3a000 	C:\WINDOWS\SYSTEM32\VERSION.dll
0x00007ff971590000 - 0x00007ff9715c1000 	C:\WINDOWS\System32\IMM32.DLL
0x00007ff9692a0000 - 0x00007ff9692ac000 	C:\Program Files\Java\jdk-20\bin\vcruntime140_1.dll
0x00007ff938120000 - 0x00007ff9381ae000 	C:\Program Files\Java\jdk-20\bin\msvcp140.dll
0x00007ff902a90000 - 0x00007ff903728000 	C:\Program Files\Java\jdk-20\bin\server\jvm.dll
0x00007ff964b00000 - 0x00007ff964b09000 	C:\WINDOWS\SYSTEM32\WSOCK32.dll
0x00007ff96ff00000 - 0x00007ff96ff71000 	C:\WINDOWS\System32\WS2_32.dll
0x00007ff96ace0000 - 0x00007ff96ad14000 	C:\WINDOWS\SYSTEM32\WINMM.dll
0x00007ff96df30000 - 0x00007ff96df48000 	C:\WINDOWS\SYSTEM32\kernel.appcore.dll
0x00007ff95aa90000 - 0x00007ff95aa9a000 	C:\Program Files\Java\jdk-20\bin\jimage.dll
0x00007ff96c860000 - 0x00007ff96ca92000 	C:\WINDOWS\SYSTEM32\DBGHELP.DLL
0x00007ff96f910000 - 0x00007ff96fc9e000 	C:\WINDOWS\System32\combase.dll
0x00007ff970960000 - 0x00007ff970a37000 	C:\WINDOWS\System32\OLEAUT32.dll
0x00007ff9516c0000 - 0x00007ff9516f2000 	C:\WINDOWS\SYSTEM32\dbgcore.DLL
0x00007ff96eee0000 - 0x00007ff96ef5b000 	C:\WINDOWS\System32\bcryptPrimitives.dll
0x00007ff94aaa0000 - 0x00007ff94aac6000 	C:\Program Files\Java\jdk-20\bin\java.dll
0x00007ff924c20000 - 0x00007ff924cf7000 	C:\Program Files\Java\jdk-20\bin\jsvml.dll
0x00007ff96ff90000 - 0x00007ff9707f9000 	C:\WINDOWS\System32\SHELL32.dll
0x00007ff96ce50000 - 0x00007ff96d74f000 	C:\WINDOWS\SYSTEM32\windows.storage.dll
0x00007ff96cd10000 - 0x00007ff96ce4f000 	C:\WINDOWS\SYSTEM32\wintypes.dll
0x00007ff970860000 - 0x00007ff970959000 	C:\WINDOWS\System32\SHCORE.dll
0x00007ff970800000 - 0x00007ff97085e000 	C:\WINDOWS\System32\shlwapi.dll
0x00007ff96ee10000 - 0x00007ff96ee37000 	C:\WINDOWS\SYSTEM32\profapi.dll
0x00007ff94aca0000 - 0x00007ff94acb3000 	C:\Program Files\Java\jdk-20\bin\net.dll
0x00007ff968810000 - 0x00007ff968946000 	C:\WINDOWS\SYSTEM32\WINHTTP.dll
0x00007ff96e3a0000 - 0x00007ff96e409000 	C:\WINDOWS\system32\mswsock.dll
0x00007ff94a990000 - 0x00007ff94a9a6000 	C:\Program Files\Java\jdk-20\bin\nio.dll
0x00007ff94a970000 - 0x00007ff94a988000 	C:\Program Files\Java\jdk-20\bin\zip.dll
0x0000029c440a0000 - 0x0000029c440a3000 	C:\Users\prepu\.openjfx\cache\20.0.1+2\amd64\api-ms-win-core-console-l1-1-0.dll
0x0000029c440b0000 - 0x0000029c440b3000 	C:\Users\prepu\.openjfx\cache\20.0.1+2\amd64\api-ms-win-core-console-l1-2-0.dll
0x0000029c440c0000 - 0x0000029c440c3000 	C:\Users\prepu\.openjfx\cache\20.0.1+2\amd64\api-ms-win-core-datetime-l1-1-0.dll
0x0000029c440d0000 - 0x0000029c440d3000 	C:\Users\prepu\.openjfx\cache\20.0.1+2\amd64\api-ms-win-core-debug-l1-1-0.dll
0x0000029c440e0000 - 0x0000029c440e3000 	C:\Users\prepu\.openjfx\cache\20.0.1+2\amd64\api-ms-win-core-errorhandling-l1-1-0.dll
0x0000029c440f0000 - 0x0000029c440f4000 	C:\Users\prepu\.openjfx\cache\20.0.1+2\amd64\api-ms-win-core-file-l1-1-0.dll
0x0000029c44100000 - 0x0000029c44103000 	C:\Users\prepu\.openjfx\cache\20.0.1+2\amd64\api-ms-win-core-file-l1-2-0.dll
0x0000029c44110000 - 0x0000029c44113000 	C:\Users\prepu\.openjfx\cache\20.0.1+2\amd64\api-ms-win-core-file-l2-1-0.dll
0x0000029c46000000 - 0x0000029c46003000 	C:\Users\prepu\.openjfx\cache\20.0.1+2\amd64\api-ms-win-core-handle-l1-1-0.dll
0x0000029c46010000 - 0x0000029c46013000 	C:\Users\prepu\.openjfx\cache\20.0.1+2\amd64\api-ms-win-core-heap-l1-1-0.dll
0x0000029c46020000 - 0x0000029c46023000 	C:\Users\prepu\.openjfx\cache\20.0.1+2\amd64\api-ms-win-core-interlocked-l1-1-0.dll
0x0000029c46030000 - 0x0000029c46033000 	C:\Users\prepu\.openjfx\cache\20.0.1+2\amd64\api-ms-win-core-libraryloader-l1-1-0.dll
0x0000029c46040000 - 0x0000029c46043000 	C:\Users\prepu\.openjfx\cache\20.0.1+2\amd64\api-ms-win-core-localization-l1-2-0.dll
0x0000029c46050000 - 0x0000029c46053000 	C:\Users\prepu\.openjfx\cache\20.0.1+2\amd64\api-ms-win-core-memory-l1-1-0.dll
0x0000029c46060000 - 0x0000029c46063000 	C:\Users\prepu\.openjfx\cache\20.0.1+2\amd64\api-ms-win-core-namedpipe-l1-1-0.dll
0x0000029c46070000 - 0x0000029c46073000 	C:\Users\prepu\.openjfx\cache\20.0.1+2\amd64\api-ms-win-core-processenvironment-l1-1-0.dll
0x0000029c46080000 - 0x0000029c46083000 	C:\Users\prepu\.openjfx\cache\20.0.1+2\amd64\api-ms-win-core-processthreads-l1-1-0.dll
0x0000029c46090000 - 0x0000029c46093000 	C:\Users\prepu\.openjfx\cache\20.0.1+2\amd64\api-ms-win-core-processthreads-l1-1-1.dll
0x0000029c460a0000 - 0x0000029c460a3000 	C:\Users\prepu\.openjfx\cache\20.0.1+2\amd64\api-ms-win-core-profile-l1-1-0.dll
0x0000029c460b0000 - 0x0000029c460b3000 	C:\Users\prepu\.openjfx\cache\20.0.1+2\amd64\api-ms-win-core-rtlsupport-l1-1-0.dll
0x0000029c460c0000 - 0x0000029c460c3000 	C:\Users\prepu\.openjfx\cache\20.0.1+2\amd64\api-ms-win-core-string-l1-1-0.dll
0x0000029c60d60000 - 0x0000029c60d63000 	C:\Users\prepu\.openjfx\cache\20.0.1+2\amd64\api-ms-win-core-synch-l1-1-0.dll
0x0000029c60d70000 - 0x0000029c60d73000 	C:\Users\prepu\.openjfx\cache\20.0.1+2\amd64\api-ms-win-core-synch-l1-2-0.dll
0x0000029c60d80000 - 0x0000029c60d83000 	C:\Users\prepu\.openjfx\cache\20.0.1+2\amd64\api-ms-win-core-sysinfo-l1-1-0.dll
0x0000029c60d90000 - 0x0000029c60d93000 	C:\Users\prepu\.openjfx\cache\20.0.1+2\amd64\api-ms-win-core-timezone-l1-1-0.dll
0x0000029c60da0000 - 0x0000029c60da3000 	C:\Users\prepu\.openjfx\cache\20.0.1+2\amd64\api-ms-win-core-util-l1-1-0.dll
0x0000029c60db0000 - 0x0000029c60db3000 	C:\Users\prepu\.openjfx\cache\20.0.1+2\amd64\api-ms-win-crt-conio-l1-1-0.dll
0x0000029c60dc0000 - 0x0000029c60dc4000 	C:\Users\prepu\.openjfx\cache\20.0.1+2\amd64\api-ms-win-crt-convert-l1-1-0.dll
0x0000029c60dd0000 - 0x0000029c60dd3000 	C:\Users\prepu\.openjfx\cache\20.0.1+2\amd64\api-ms-win-crt-environment-l1-1-0.dll
0x0000029c60de0000 - 0x0000029c60de3000 	C:\Users\prepu\.openjfx\cache\20.0.1+2\amd64\api-ms-win-crt-filesystem-l1-1-0.dll
0x0000029c60df0000 - 0x0000029c60df3000 	C:\Users\prepu\.openjfx\cache\20.0.1+2\amd64\api-ms-win-crt-heap-l1-1-0.dll
0x0000029c60e00000 - 0x0000029c60e03000 	C:\Users\prepu\.openjfx\cache\20.0.1+2\amd64\api-ms-win-crt-locale-l1-1-0.dll
0x0000029c60e10000 - 0x0000029c60e15000 	C:\Users\prepu\.openjfx\cache\20.0.1+2\amd64\api-ms-win-crt-math-l1-1-0.dll
0x0000029c60e20000 - 0x0000029c60e25000 	C:\Users\prepu\.openjfx\cache\20.0.1+2\amd64\api-ms-win-crt-multibyte-l1-1-0.dll
0x0000029c60e30000 - 0x0000029c60e40000 	C:\Users\prepu\.openjfx\cache\20.0.1+2\amd64\api-ms-win-crt-private-l1-1-0.dll
0x0000029c60e40000 - 0x0000029c60e43000 	C:\Users\prepu\.openjfx\cache\20.0.1+2\amd64\api-ms-win-crt-process-l1-1-0.dll
0x0000029c60e50000 - 0x0000029c60e54000 	C:\Users\prepu\.openjfx\cache\20.0.1+2\amd64\api-ms-win-crt-runtime-l1-1-0.dll
0x0000029c60e60000 - 0x0000029c60e64000 	C:\Users\prepu\.openjfx\cache\20.0.1+2\amd64\api-ms-win-crt-stdio-l1-1-0.dll
0x0000029c60e70000 - 0x0000029c60e74000 	C:\Users\prepu\.openjfx\cache\20.0.1+2\amd64\api-ms-win-crt-string-l1-1-0.dll
0x0000029c60e80000 - 0x0000029c60e83000 	C:\Users\prepu\.openjfx\cache\20.0.1+2\amd64\api-ms-win-crt-time-l1-1-0.dll
0x0000029c60e90000 - 0x0000029c60e93000 	C:\Users\prepu\.openjfx\cache\20.0.1+2\amd64\api-ms-win-crt-utility-l1-1-0.dll
0x00007ff9244b0000 - 0x00007ff9245ac000 	C:\Users\prepu\.openjfx\cache\20.0.1+2\amd64\ucrtbase.dll
0x00007ff94a190000 - 0x00007ff94a1ab000 	C:\Users\prepu\.openjfx\cache\20.0.1+2\amd64\vcruntime140.dll
0x00007ff951a50000 - 0x00007ff951a5c000 	C:\Users\prepu\.openjfx\cache\20.0.1+2\amd64\vcruntime140_1.dll
0x00007ff925c70000 - 0x00007ff925cfe000 	C:\Users\prepu\.openjfx\cache\20.0.1+2\amd64\msvcp140.dll
0x00007ff951910000 - 0x00007ff951919000 	C:\Users\prepu\.openjfx\cache\20.0.1+2\amd64\msvcp140_1.dll
0x00007ff9460c0000 - 0x00007ff9460f0000 	C:\Users\prepu\.openjfx\cache\20.0.1+2\amd64\msvcp140_2.dll
0x00007ff945d10000 - 0x00007ff945d3f000 	C:\Users\prepu\.openjfx\cache\20.0.1+2\amd64\prism_d3d.dll
0x00007ff90ce90000 - 0x00007ff90d038000 	C:\WINDOWS\system32\d3d9.dll
0x00007ff96c3a0000 - 0x00007ff96c3cb000 	C:\WINDOWS\SYSTEM32\dwmapi.dll
0x00007ff96c150000 - 0x00007ff96c187000 	C:\WINDOWS\SYSTEM32\dxcore.dll
0x00007ff96c040000 - 0x00007ff96c0f1000 	C:\WINDOWS\system32\uxtheme.dll
0x00007ff90cd20000 - 0x00007ff90ce85000 	C:\WINDOWS\System32\DriverStore\FileRepository\iigd_dch.inf_amd64_96862a5c762e43b8\igdumdim64.dll
0x00007ff96fd50000 - 0x00007ff96fef5000 	C:\WINDOWS\System32\ole32.dll
0x00007ff8d3e10000 - 0x00007ff8d860d000 	C:\WINDOWS\System32\DriverStore\FileRepository\iigd_dch.inf_amd64_96862a5c762e43b8\igd9dxva64.dll
0x00007ff970d50000 - 0x00007ff9711c4000 	C:\WINDOWS\System32\SETUPAPI.dll
0x00007ff96eae0000 - 0x00007ff96eb2e000 	C:\WINDOWS\SYSTEM32\cfgmgr32.dll
0x00007ff95faf0000 - 0x00007ff95fd47000 	C:\WINDOWS\System32\DriverStore\FileRepository\iigd_dch.inf_amd64_96862a5c762e43b8\igdgmm64.dll
0x00007ff967ed0000 - 0x00007ff967f19000 	C:\WINDOWS\SYSTEM32\directxdatabasehelper.dll
0x00007ff944d40000 - 0x00007ff944d82000 	C:\Users\prepu\.openjfx\cache\20.0.1+2\amd64\glass.dll
0x00007ff9713f0000 - 0x00007ff9714ef000 	C:\WINDOWS\System32\COMDLG32.dll
0x00007ff970bf0000 - 0x00007ff970d50000 	C:\WINDOWS\System32\MSCTF.dll
0x00007ff93d720000 - 0x00007ff93d747000 	C:\WINDOWS\System32\DriverStore\FileRepository\iigd_dch.inf_amd64_96862a5c762e43b8\igdinfo64.dll
0x00007ff95cc50000 - 0x00007ff95f869000 	C:\WINDOWS\System32\DriverStore\FileRepository\iigd_dch.inf_amd64_96862a5c762e43b8\igc64.dll
0x00007ff9463f0000 - 0x00007ff946404000 	C:\Users\prepu\.openjfx\cache\20.0.1+2\amd64\javafx_font.dll
0x00007ff969540000 - 0x00007ff9697b3000 	C:\WINDOWS\SYSTEM32\dwrite.dll
0x00007ff971ab0000 - 0x00007ff971b60000 	C:\WINDOWS\System32\clbcatq.dll
0x00007ff96be30000 - 0x00007ff96bfe1000 	C:\WINDOWS\SYSTEM32\WindowsCodecs.dll
0x00007ff949fd0000 - 0x00007ff94a02e000 	C:\WINDOWS\system32\dataexchange.dll
0x00007ff965720000 - 0x00007ff9659c2000 	C:\WINDOWS\system32\twinapi.appcore.dll
0x00007ff923640000 - 0x00007ff923672000 	C:\Program Files\Common Files\Microsoft Shared\Ink\rtscom.dll
0x00007ff9596d0000 - 0x00007ff959813000 	C:\WINDOWS\SYSTEM32\textinputframework.dll
0x00007ff96a4f0000 - 0x00007ff96a623000 	C:\WINDOWS\SYSTEM32\CoreMessaging.dll
0x00007ff967730000 - 0x00007ff967a9d000 	C:\WINDOWS\SYSTEM32\CoreUIComponents.dll
0x00007ff96e610000 - 0x00007ff96e61c000 	C:\WINDOWS\SYSTEM32\CRYPTBASE.DLL
0x00007ff9697c0000 - 0x00007ff969dae000 	C:\WINDOWS\SYSTEM32\d2d1.dll
0x00007ff9692e0000 - 0x00007ff969537000 	C:\WINDOWS\SYSTEM32\d3d11.dll
0x00007ff96c190000 - 0x00007ff96c287000 	C:\WINDOWS\SYSTEM32\dxgi.dll
0x00007ff966cb0000 - 0x00007ff9673c3000 	C:\WINDOWS\SYSTEM32\D3D10Warp.dll

dbghelp: loaded successfully - version: 4.0.5 - missing functions: none
symbol engine: initialized successfully - sym options: 0x614 - pdb path: .;C:\Program Files\Java\jdk-20\bin;C:\WINDOWS\SYSTEM32;C:\WINDOWS\WinSxS\amd64_microsoft.windows.common-controls_6595b64144ccf1df_6.0.22621.3672_none_2713b9d173822955;C:\Program Files\Java\jdk-20\bin\server;C:\Users\prepu\.openjfx\cache\20.0.1+2\amd64;C:\WINDOWS\System32\DriverStore\FileRepository\iigd_dch.inf_amd64_96862a5c762e43b8;C:\Program Files\Common Files\Microsoft Shared\Ink

VM Arguments:
jvm_args: -XX:+ShowCodeDetailsInExceptionMessages --module-path=C:\Users\prepu\OneDrive\Desktop\Github\ProyectoProgramacion\target\classes;C:\Users\prepu\.m2\repository\org\openjfx\javafx-controls\20.0.1\javafx-controls-20.0.1-win.jar;C:\Users\prepu\.m2\repository\org\openjfx\javafx-graphics\20.0.1\javafx-graphics-20.0.1-win.jar;C:\Users\prepu\.m2\repository\org\openjfx\javafx-base\20.0.1\javafx-base-20.0.1-win.jar;C:\Users\prepu\.m2\repository\org\openjfx\javafx-fxml\20.0.1\javafx-fxml-20.0.1-win.jar;C:\Users\prepu\.m2\repository\org\openjfx\javafx-media\20.0.1\javafx-media-20.0.1-win.jar -Djdk.module.main=com.example.proyectodeprogramacion 
java_command: com.example.proyectodeprogramacion/com.example.proyectodeprogramacion.Main
java_class_path (initial): C:\Users\prepu\.m2\repository\org\openjfx\javafx-controls\20.0.1\javafx-controls-20.0.1.jar;C:\Users\prepu\.m2\repository\org\openjfx\javafx-graphics\20.0.1\javafx-graphics-20.0.1.jar;C:\Users\prepu\.m2\repository\org\openjfx\javafx-base\20.0.1\javafx-base-20.0.1.jar;C:\Users\prepu\.m2\repository\org\openjfx\javafx-fxml\20.0.1\javafx-fxml-20.0.1.jar;C:\Users\prepu\.m2\repository\org\openjfx\javafx-media\20.0.1\javafx-media-20.0.1.jar
Launcher Type: SUN_STANDARD

[Global flags]
     intx CICompilerCount                          = 3                                         {product} {ergonomic}
     uint ConcGCThreads                            = 1                                         {product} {ergonomic}
     uint G1ConcRefinementThreads                  = 4                                         {product} {ergonomic}
   size_t G1HeapRegionSize                         = 1048576                                   {product} {ergonomic}
    uintx GCDrainStackTargetSize                   = 64                                        {product} {ergonomic}
   size_t InitialHeapSize                          = 65011712                                  {product} {ergonomic}
   size_t MarkStackSize                            = 4194304                                   {product} {ergonomic}
   size_t MaxHeapSize                              = 1027604480                                {product} {ergonomic}
   size_t MaxNewSize                               = 616562688                                 {product} {ergonomic}
   size_t MinHeapDeltaBytes                        = 1048576                                   {product} {ergonomic}
   size_t MinHeapSize                              = 8388608                                   {product} {ergonomic}
    uintx NonNMethodCodeHeapSize                   = 5832780                                {pd product} {ergonomic}
    uintx NonProfiledCodeHeapSize                  = 122912730                              {pd product} {ergonomic}
    uintx ProfiledCodeHeapSize                     = 122912730                              {pd product} {ergonomic}
    uintx ReservedCodeCacheSize                    = 251658240                              {pd product} {ergonomic}
     bool SegmentedCodeCache                       = true                                      {product} {ergonomic}
     bool ShowCodeDetailsInExceptionMessages       = true                                   {manageable} {command line}
   size_t SoftMaxHeapSize                          = 1027604480                             {manageable} {ergonomic}
     bool UseCompressedClassPointers               = true                           {product lp64_product} {ergonomic}
     bool UseCompressedOops                        = true                           {product lp64_product} {ergonomic}
     bool UseG1GC                                  = true                                      {product} {ergonomic}
     bool UseLargePagesIndividualAllocation        = false                                  {pd product} {ergonomic}

Logging:
Log output configuration:
 #0: stdout all=warning uptime,level,tags foldmultilines=false
 #1: stderr all=off uptime,level,tags foldmultilines=false

Environment Variables:
JAVA_HOME=C:\Program Files\Java\jdk-22
PATH=C:\Program Files\Common Files\Oracle\Java\javapath;C:\Program Files (x86)\Common Files\Oracle\Java\java8path;C:\Program Files (x86)\Common Files\Oracle\Java\javapath;C:\WINDOWS\system32;C:\WINDOWS;C:\WINDOWS\System32\Wbem;C:\WINDOWS\System32\WindowsPowerShell\v1.0\;C:\WINDOWS\System32\OpenSSH\;C:\Program Files\Java\jdk-22\bin;C:\Program Files\Git\cmd;C:\Users\prepu\AppData\Local\Microsoft\WindowsApps;C:\Users\prepu\AppData\Local\Programs\Microsoft VS Code\bin;C:\Users\prepu\AppData\Local\spicetify;C:\Users\prepu\AppData\Local\gitkraken\bin
USERNAME=prepu
LANG=en_US.UTF-8
OS=Windows_NT
PROCESSOR_IDENTIFIER=Intel64 Family 6 Model 142 Stepping 12, GenuineIntel
TMP=C:\Users\prepu\AppData\Local\Temp
TEMP=C:\Users\prepu\AppData\Local\Temp




---------------  S Y S T E M  ---------------

OS:
 Windows 11 , 64 bit Build 22621 (10.0.22621.3958)
OS uptime: 6 days 22:18 hours

CPU: total 4 (initial active 4) (2 cores per cpu, 2 threads per core) family 6 model 142 stepping 12 microcode 0xec, cx8, cmov, fxsr, ht, mmx, 3dnowpref, sse, sse2, sse3, ssse3, sse4.1, sse4.2, popcnt, lzcnt, tsc, tscinvbit, avx, avx2, aes, erms, clmul, bmi1, bmi2, adx, fma, vzeroupper, clflush, clflushopt, rdtscp, f16c

Memory: 4k page, system-wide physical 3919M (305M free)
TotalPageFile size 15695M (AvailPageFile size 31M)
current process WorkingSet (physical memory assigned to process): 157M, peak: 177M
current process commit charge ("private bytes"): 279M, peak: 303M

vm_info: Java HotSpot(TM) 64-Bit Server VM (20.0.2+9-78) for windows-amd64 JRE (20.0.2+9-78), built on 2023-06-14T10:08:48Z by "mach5one" with MS VC++ 17.1 (VS2022)

END.
